CRITICAL - 2023-07-04 01:58:23 --> Call to undefined function App\Controllers\ldap_connect()
in APPPATH\Controllers\AuthController.php on line 52.
 1 SYSTEMPATH\CodeIgniter.php(932): App\Controllers\AuthController->login()
 2 SYSTEMPATH\CodeIgniter.php(497): CodeIgniter\CodeIgniter->runController(Object(App\Controllers\AuthController))
 3 SYSTEMPATH\CodeIgniter.php(366): CodeIgniter\CodeIgniter->handleRequest(null, Object(Config\Cache), false)
 4 FCPATH\index.php(78): CodeIgniter\CodeIgniter->run()
CRITICAL - 2023-07-04 01:59:24 --> Call to undefined function App\Controllers\ldap_connect()
in APPPATH\Controllers\AuthController.php on line 55.
 1 SYSTEMPATH\CodeIgniter.php(932): App\Controllers\AuthController->login()
 2 SYSTEMPATH\CodeIgniter.php(497): CodeIgniter\CodeIgniter->runController(Object(App\Controllers\AuthController))
 3 SYSTEMPATH\CodeIgniter.php(366): CodeIgniter\CodeIgniter->handleRequest(null, Object(Config\Cache), false)
 4 FCPATH\index.php(78): CodeIgniter\CodeIgniter->run()
CRITICAL - 2023-07-04 02:21:02 --> Call to undefined function App\Controllers\ldap_connect()
in APPPATH\Controllers\AuthController.php on line 55.
 1 SYSTEMPATH\CodeIgniter.php(932): App\Controllers\AuthController->login()
 2 SYSTEMPATH\CodeIgniter.php(497): CodeIgniter\CodeIgniter->runController(Object(App\Controllers\AuthController))
 3 SYSTEMPATH\CodeIgniter.php(366): CodeIgniter\CodeIgniter->handleRequest(null, Object(Config\Cache), false)
 4 FCPATH\index.php(78): CodeIgniter\CodeIgniter->run()
CRITICAL - 2023-07-04 02:21:05 --> Call to undefined function App\Controllers\ldap_connect()
in APPPATH\Controllers\AuthController.php on line 55.
 1 SYSTEMPATH\CodeIgniter.php(932): App\Controllers\AuthController->login()
 2 SYSTEMPATH\CodeIgniter.php(497): CodeIgniter\CodeIgniter->runController(Object(App\Controllers\AuthController))
 3 SYSTEMPATH\CodeIgniter.php(366): CodeIgniter\CodeIgniter->handleRequest(null, Object(Config\Cache), false)
 4 FCPATH\index.php(78): CodeIgniter\CodeIgniter->run()
CRITICAL - 2023-07-04 03:02:41 --> Call to undefined function App\Controllers\ldap_connect()
in APPPATH\Controllers\AuthController.php on line 55.
 1 SYSTEMPATH\CodeIgniter.php(932): App\Controllers\AuthController->login()
 2 SYSTEMPATH\CodeIgniter.php(497): CodeIgniter\CodeIgniter->runController(Object(App\Controllers\AuthController))
 3 SYSTEMPATH\CodeIgniter.php(366): CodeIgniter\CodeIgniter->handleRequest(null, Object(Config\Cache), false)
 4 FCPATH\index.php(78): CodeIgniter\CodeIgniter->run()
CRITICAL - 2023-07-04 03:03:08 --> Call to undefined function App\Controllers\ldap_connect()
in APPPATH\Controllers\AuthController.php on line 55.
 1 SYSTEMPATH\CodeIgniter.php(932): App\Controllers\AuthController->login()
 2 SYSTEMPATH\CodeIgniter.php(497): CodeIgniter\CodeIgniter->runController(Object(App\Controllers\AuthController))
 3 SYSTEMPATH\CodeIgniter.php(366): CodeIgniter\CodeIgniter->handleRequest(null, Object(Config\Cache), false)
 4 FCPATH\index.php(78): CodeIgniter\CodeIgniter->run()
CRITICAL - 2023-07-04 03:07:20 --> Call to undefined function App\Controllers\ldap_connect()
in APPPATH\Controllers\AuthController.php on line 55.
 1 SYSTEMPATH\CodeIgniter.php(932): App\Controllers\AuthController->login()
 2 SYSTEMPATH\CodeIgniter.php(497): CodeIgniter\CodeIgniter->runController(Object(App\Controllers\AuthController))
 3 SYSTEMPATH\CodeIgniter.php(366): CodeIgniter\CodeIgniter->handleRequest(null, Object(Config\Cache), false)
 4 FCPATH\index.php(78): CodeIgniter\CodeIgniter->run()
CRITICAL - 2023-07-04 03:07:34 --> Call to undefined function App\Controllers\ldap_connect()
in APPPATH\Controllers\AuthController.php on line 55.
 1 SYSTEMPATH\CodeIgniter.php(932): App\Controllers\AuthController->login()
 2 SYSTEMPATH\CodeIgniter.php(497): CodeIgniter\CodeIgniter->runController(Object(App\Controllers\AuthController))
 3 SYSTEMPATH\CodeIgniter.php(366): CodeIgniter\CodeIgniter->handleRequest(null, Object(Config\Cache), false)
 4 FCPATH\index.php(78): CodeIgniter\CodeIgniter->run()
CRITICAL - 2023-07-04 03:07:43 --> Call to undefined function App\Controllers\ldap_connect()
in APPPATH\Controllers\AuthController.php on line 55.
 1 SYSTEMPATH\CodeIgniter.php(932): App\Controllers\AuthController->login()
 2 SYSTEMPATH\CodeIgniter.php(497): CodeIgniter\CodeIgniter->runController(Object(App\Controllers\AuthController))
 3 SYSTEMPATH\CodeIgniter.php(366): CodeIgniter\CodeIgniter->handleRequest(null, Object(Config\Cache), false)
 4 FCPATH\index.php(78): CodeIgniter\CodeIgniter->run()
CRITICAL - 2023-07-04 03:07:45 --> Call to undefined function App\Controllers\ldap_connect()
in APPPATH\Controllers\AuthController.php on line 55.
 1 SYSTEMPATH\CodeIgniter.php(932): App\Controllers\AuthController->login()
 2 SYSTEMPATH\CodeIgniter.php(497): CodeIgniter\CodeIgniter->runController(Object(App\Controllers\AuthController))
 3 SYSTEMPATH\CodeIgniter.php(366): CodeIgniter\CodeIgniter->handleRequest(null, Object(Config\Cache), false)
 4 FCPATH\index.php(78): CodeIgniter\CodeIgniter->run()
CRITICAL - 2023-07-04 03:09:23 --> Call to undefined function App\Controllers\ldap_connect()
in APPPATH\Controllers\AuthController.php on line 55.
 1 SYSTEMPATH\CodeIgniter.php(932): App\Controllers\AuthController->login()
 2 SYSTEMPATH\CodeIgniter.php(497): CodeIgniter\CodeIgniter->runController(Object(App\Controllers\AuthController))
 3 SYSTEMPATH\CodeIgniter.php(366): CodeIgniter\CodeIgniter->handleRequest(null, Object(Config\Cache), false)
 4 FCPATH\index.php(78): CodeIgniter\CodeIgniter->run()
CRITICAL - 2023-07-04 03:09:42 --> Call to undefined function App\Controllers\ldap_connect()
in APPPATH\Controllers\AuthController.php on line 55.
 1 SYSTEMPATH\CodeIgniter.php(932): App\Controllers\AuthController->login()
 2 SYSTEMPATH\CodeIgniter.php(497): CodeIgniter\CodeIgniter->runController(Object(App\Controllers\AuthController))
 3 SYSTEMPATH\CodeIgniter.php(366): CodeIgniter\CodeIgniter->handleRequest(null, Object(Config\Cache), false)
 4 FCPATH\index.php(78): CodeIgniter\CodeIgniter->run()
CRITICAL - 2023-07-04 03:10:11 --> Call to undefined function App\Controllers\ldap_connect()
in APPPATH\Controllers\AuthController.php on line 55.
 1 SYSTEMPATH\CodeIgniter.php(932): App\Controllers\AuthController->login()
 2 SYSTEMPATH\CodeIgniter.php(497): CodeIgniter\CodeIgniter->runController(Object(App\Controllers\AuthController))
 3 SYSTEMPATH\CodeIgniter.php(366): CodeIgniter\CodeIgniter->handleRequest(null, Object(Config\Cache), false)
 4 FCPATH\index.php(78): CodeIgniter\CodeIgniter->run()
CRITICAL - 2023-07-04 03:10:20 --> Call to undefined function App\Controllers\ldap_connect()
in APPPATH\Controllers\AuthController.php on line 55.
 1 SYSTEMPATH\CodeIgniter.php(932): App\Controllers\AuthController->login()
 2 SYSTEMPATH\CodeIgniter.php(497): CodeIgniter\CodeIgniter->runController(Object(App\Controllers\AuthController))
 3 SYSTEMPATH\CodeIgniter.php(366): CodeIgniter\CodeIgniter->handleRequest(null, Object(Config\Cache), false)
 4 FCPATH\index.php(78): CodeIgniter\CodeIgniter->run()
CRITICAL - 2023-07-04 03:10:21 --> Call to undefined function App\Controllers\ldap_connect()
in APPPATH\Controllers\AuthController.php on line 55.
 1 SYSTEMPATH\CodeIgniter.php(932): App\Controllers\AuthController->login()
 2 SYSTEMPATH\CodeIgniter.php(497): CodeIgniter\CodeIgniter->runController(Object(App\Controllers\AuthController))
 3 SYSTEMPATH\CodeIgniter.php(366): CodeIgniter\CodeIgniter->handleRequest(null, Object(Config\Cache), false)
 4 FCPATH\index.php(78): CodeIgniter\CodeIgniter->run()
CRITICAL - 2023-07-04 03:33:26 --> Call to undefined function App\Controllers\ldap_connect()
in APPPATH\Controllers\AuthController.php on line 56.
 1 SYSTEMPATH\CodeIgniter.php(932): App\Controllers\AuthController->login()
 2 SYSTEMPATH\CodeIgniter.php(497): CodeIgniter\CodeIgniter->runController(Object(App\Controllers\AuthController))
 3 SYSTEMPATH\CodeIgniter.php(366): CodeIgniter\CodeIgniter->handleRequest(null, Object(Config\Cache), false)
 4 FCPATH\index.php(78): CodeIgniter\CodeIgniter->run()
CRITICAL - 2023-07-04 03:57:36 --> Call to undefined function App\Controllers\ldap_connect()
in APPPATH\Controllers\AuthController.php on line 56.
 1 SYSTEMPATH\CodeIgniter.php(932): App\Controllers\AuthController->login()
 2 SYSTEMPATH\CodeIgniter.php(497): CodeIgniter\CodeIgniter->runController(Object(App\Controllers\AuthController))
 3 SYSTEMPATH\CodeIgniter.php(366): CodeIgniter\CodeIgniter->handleRequest(null, Object(Config\Cache), false)
 4 FCPATH\index.php(78): CodeIgniter\CodeIgniter->run()
CRITICAL - 2023-07-04 03:57:40 --> Call to undefined function App\Controllers\ldap_connect()
in APPPATH\Controllers\AuthController.php on line 56.
 1 SYSTEMPATH\CodeIgniter.php(932): App\Controllers\AuthController->login()
 2 SYSTEMPATH\CodeIgniter.php(497): CodeIgniter\CodeIgniter->runController(Object(App\Controllers\AuthController))
 3 SYSTEMPATH\CodeIgniter.php(366): CodeIgniter\CodeIgniter->handleRequest(null, Object(Config\Cache), false)
 4 FCPATH\index.php(78): CodeIgniter\CodeIgniter->run()
CRITICAL - 2023-07-04 04:10:17 --> Call to undefined function App\Controllers\ldap_connect()
in APPPATH\Controllers\AuthController.php on line 55.
 1 SYSTEMPATH\CodeIgniter.php(932): App\Controllers\AuthController->login()
 2 SYSTEMPATH\CodeIgniter.php(497): CodeIgniter\CodeIgniter->runController(Object(App\Controllers\AuthController))
 3 SYSTEMPATH\CodeIgniter.php(366): CodeIgniter\CodeIgniter->handleRequest(null, Object(Config\Cache), false)
 4 FCPATH\index.php(78): CodeIgniter\CodeIgniter->run()
CRITICAL - 2023-07-04 04:19:28 --> Call to undefined function App\Controllers\ldap_connect()
in APPPATH\Controllers\AuthController.php on line 55.
 1 SYSTEMPATH\CodeIgniter.php(932): App\Controllers\AuthController->login()
 2 SYSTEMPATH\CodeIgniter.php(497): CodeIgniter\CodeIgniter->runController(Object(App\Controllers\AuthController))
 3 SYSTEMPATH\CodeIgniter.php(366): CodeIgniter\CodeIgniter->handleRequest(null, Object(Config\Cache), false)
 4 FCPATH\index.php(78): CodeIgniter\CodeIgniter->run()
